<?xml version="1.0" encoding="UTF-8"?>
<!-- Generated by org.testng.reporters.JUnitReportReporter -->
<testsuite hostname="Kesav-HP-EliteBook" failures="0" tests="14" name="runner.runnerclasss" time="160.973" errors="0" timestamp="2024-08-13T22:49:28 IST" skipped="0">
  <testcase classname="runner.runnerclasss" name="runScenario" time="14.828"/>
  <system-out/>
  <testcase classname="runner.runnerclasss" name="runScenario" time="15.273"/>
  <system-out/>
  <testcase classname="runner.runnerclasss" name="runScenario" time="10.009"/>
  <system-out/>
  <testcase classname="runner.runnerclasss" name="runScenario" time="9.817"/>
  <system-out/>
  <testcase classname="runner.runnerclasss" name="runScenario" time="22.781"/>
  <system-out/>
  <testcase classname="runner.runnerclasss" name="runScenario" time="13.862"/>
  <system-out/>
  <testcase classname="runner.runnerclasss" name="runScenario" time="8.725"/>
  <system-out/>
  <testcase classname="runner.runnerclasss" name="runScenario" time="6.670"/>
  <system-out/>
  <testcase classname="runner.runnerclasss" name="runScenario" time="9.553"/>
  <system-out/>
  <testcase classname="runner.runnerclasss" name="runScenario" time="7.411"/>
  <system-out/>
  <testcase classname="runner.runnerclasss" name="runScenario" time="11.313"/>
  <system-out/>
  <testcase classname="runner.runnerclasss" name="runScenario" time="8.511"/>
  <system-out/>
  <testcase classname="runner.runnerclasss" name="runScenario" time="15.657"/>
  <system-out/>
  <testcase classname="runner.runnerclasss" name="runScenario" time="6.563"/>
  <system-out/>
</testsuite> <!-- runner.runnerclasss -->
