<?xml version="1.0" encoding="UTF-8"?>
<!-- Generated by org.testng.reporters.JUnitReportReporter -->
<testsuite hostname="Kesav-HP-EliteBook" failures="0" tests="1" name="restassured_handson.A" time="2.674" errors="0" timestamp="2024-01-03T23:19:08 IST" skipped="0">
  <testcase classname="restassured_handson.A" name="A_post" time="2.674"/>
  <system-out/>
</testsuite> <!-- restassured_handson.A -->
