<?xml version="1.0" encoding="UTF-8"?>
<!-- Generated by org.testng.reporters.JUnitReportReporter -->
<testsuite hostname="Kesav-HP-EliteBook" failures="0" tests="1" name="restassured_handson.B" time="3.874" errors="0" timestamp="2024-01-03T23:25:03 IST" skipped="0">
  <testcase classname="restassured_handson.B" name="B_post" time="3.874"/>
  <system-out/>
</testsuite> <!-- restassured_handson.B -->
