<?xml version="1.0" encoding="UTF-8"?>
<!-- Generated by org.testng.reporters.JUnitReportReporter -->
<testsuite hostname="Kesav-HP-EliteBook" failures="0" tests="1" name="restassured_handson.E" time="3.559" errors="0" timestamp="2024-01-03T23:33:45 IST" skipped="0">
  <testcase classname="restassured_handson.E" name="E_Put" time="3.559"/>
  <system-out/>
</testsuite> <!-- restassured_handson.E -->
