<?xml version="1.0" encoding="UTF-8"?>
<!-- Generated by org.testng.reporters.JUnitReportReporter -->
<testsuite hostname="Kesav-HP-EliteBook" failures="0" tests="1" name="restassured_handson.C" time="2.813" errors="0" timestamp="2024-01-03T23:34:06 IST" skipped="0">
  <testcase classname="restassured_handson.C" name="C_get" time="2.813"/>
  <system-out/>
</testsuite> <!-- restassured_handson.C -->
