<?xml version="1.0" encoding="UTF-8"?>
<!-- Generated by org.testng.reporters.JUnitReportReporter -->
<testsuite hostname="Kesav-HP-EliteBook" failures="0" tests="1" name="restassured_handson.F" time="3.704" errors="0" timestamp="2024-01-03T23:33:33 IST" skipped="0">
  <testcase classname="restassured_handson.F" name="F_delete" time="3.704"/>
  <system-out/>
</testsuite> <!-- restassured_handson.F -->
