<?xml version="1.0" encoding="UTF-8"?>
<!-- Generated by org.testng.reporters.JUnitReportReporter -->
<testsuite hostname="Kesav-HP-EliteBook" failures="0" tests="1" name="restassured_handson.D" time="3.384" errors="0" timestamp="2024-01-03T23:33:55 IST" skipped="0">
  <testcase classname="restassured_handson.D" name="D_get" time="3.384"/>
  <system-out/>
</testsuite> <!-- restassured_handson.D -->
