<?xml version="1.0" encoding="UTF-8"?>
<!-- Generated by org.testng.reporters.JUnitReportReporter -->
<testsuite hostname="Kesav-HP-EliteBook" failures="0" tests="18" name="runner.runnerclass" time="25.606" errors="0" timestamp="2024-10-04T23:42:59 IST" skipped="0">
  <testcase classname="runner.runnerclass" name="runScenario" time="1.190"/>
  <system-out/>
  <testcase classname="runner.runnerclass" name="runScenario" time="1.338"/>
  <system-out/>
  <testcase classname="runner.runnerclass" name="runScenario" time="2.058"/>
  <system-out/>
  <testcase classname="runner.runnerclass" name="runScenario" time="1.123"/>
  <system-out/>
  <testcase classname="runner.runnerclass" name="runScenario" time="1.290"/>
  <system-out/>
  <testcase classname="runner.runnerclass" name="runScenario" time="1.133"/>
  <system-out/>
  <testcase classname="runner.runnerclass" name="runScenario" time="1.176"/>
  <system-out/>
  <testcase classname="runner.runnerclass" name="runScenario" time="1.542"/>
  <system-out/>
  <testcase classname="runner.runnerclass" name="runScenario" time="1.159"/>
  <system-out/>
  <testcase classname="runner.runnerclass" name="runScenario" time="1.164"/>
  <system-out/>
  <testcase classname="runner.runnerclass" name="runScenario" time="1.390"/>
  <system-out/>
  <testcase classname="runner.runnerclass" name="runScenario" time="1.192"/>
  <system-out/>
  <testcase classname="runner.runnerclass" name="runScenario" time="1.822"/>
  <system-out/>
  <testcase classname="runner.runnerclass" name="runScenario" time="3.324"/>
  <system-out/>
  <testcase classname="runner.runnerclass" name="runScenario" time="1.151"/>
  <system-out/>
  <testcase classname="runner.runnerclass" name="runScenario" time="1.169"/>
  <system-out/>
  <testcase classname="runner.runnerclass" name="runScenario" time="1.169"/>
  <system-out/>
  <testcase classname="runner.runnerclass" name="runScenario" time="1.216"/>
  <system-out/>
</testsuite> <!-- runner.runnerclass -->
