<?xml version="1.0" encoding="UTF-8"?>
<!-- Generated by org.testng.reporters.JUnitReportReporter -->
<testsuite hostname="Kesav-HP-EliteBook" failures="0" tests="5" name="tests.test1" time="105.175" errors="0" timestamp="2024-08-06T00:17:05 IST" skipped="0">
  <testcase classname="tests.test1" name="login" time="10.552"/>
  <system-out/>
  <testcase classname="tests.test1" name="addingDress" time="25.265"/>
  <system-out/>
  <testcase classname="tests.test1" name="addbottle" time="51.148"/>
  <system-out/>
  <testcase classname="tests.test1" name="checkoutpagetest" time="10.932"/>
  <system-out/>
  <testcase classname="tests.test1" name="ValidateOrder" time="7.278"/>
  <system-out/>
</testsuite> <!-- tests.test1 -->
